# JRE version: Java(TM) SE Runtime Environment (8.0_221-b11) (build 1.8.0_221-b11)
# Java VM: Java HotSpot(TM) 64-Bit Server VM (25.221-b11 mixed mode windows-amd64 compressed oops)
Heap:
 PSYoungGen      total 317952K, used 12973K [0x00000000eab00000, 0x0000000100000000, 0x0000000100000000)
  eden space 297984K, 4% used [0x00000000eab00000,0x00000000eb7ab4b8,0x00000000fce00000)
  from space 19968K, 0% used [0x00000000fce00000,0x00000000fce00000,0x00000000fe180000)
  to   space 20480K, 0% used [0x00000000fec00000,0x00000000fec00000,0x0000000100000000)
 ParOldGen       total 203776K, used 29040K [0x00000000c0000000, 0x00000000cc700000, 0x00000000eab00000)
  object space 203776K, 14% used [0x00000000c0000000,0x00000000c1c5c2b8,0x00000000cc700000)
 Metaspace       used 55443K, capacity 58894K, committed 59352K, reserved 1099776K
  class space    used 7954K, capacity 8620K, committed 8704K, reserved 1048576K
GC Heap History (10 events):
Event: 7.226 GC heap before
{Heap before GC invocations=8 (full 2):
 PSYoungGen      total 229888K, used 8247K [0x00000000eab00000, 0x00000000f9980000, 0x0000000100000000)
  eden space 216576K, 0% used [0x00000000eab00000,0x00000000eab00000,0x00000000f7e80000)
  from space 13312K, 61% used [0x00000000f8b80000,0x00000000f938de10,0x00000000f9880000)
  to   space 13312K, 0% used [0x00000000f7e80000,0x00000000f7e80000,0x00000000f8b80000)
 ParOldGen       total 91136K, used 10690K [0x00000000c0000000, 0x00000000c5900000, 0x00000000eab00000)
  object space 91136K, 11% used [0x00000000c0000000,0x00000000c0a70880,0x00000000c5900000)
 Metaspace       used 33763K, capacity 35298K, committed 35456K, reserved 1079296K
  class space    used 4822K, capacity 5161K, committed 5248K, reserved 1048576K
Event: 7.310 GC heap after
Heap after GC invocations=8 (full 2):
 PSYoungGen      total 229888K, used 0K [0x00000000eab00000, 0x00000000f9980000, 0x0000000100000000)
  eden space 216576K, 0% used [0x00000000eab00000,0x00000000eab00000,0x00000000f7e80000)
  from space 13312K, 0% used [0x00000000f8b80000,0x00000000f8b80000,0x00000000f9880000)
  to   space 13312K, 0% used [0x00000000f7e80000,0x00000000f7e80000,0x00000000f8b80000)
 ParOldGen       total 142336K, used 15971K [0x00000000c0000000, 0x00000000c8b00000, 0x00000000eab00000)
  object space 142336K, 11% used [0x00000000c0000000,0x00000000c0f98fa8,0x00000000c8b00000)
 Metaspace       used 33743K, capacity 35232K, committed 35456K, reserved 1079296K
  class space    used 4816K, capacity 5150K, committed 5248K, reserved 1048576K
}
Event: 9.703 GC heap before
{Heap before GC invocations=9 (full 2):
 PSYoungGen      total 229888K, used 216576K [0x00000000eab00000, 0x00000000f9980000, 0x0000000100000000)
  eden space 216576K, 100% used [0x00000000eab00000,0x00000000f7e80000,0x00000000f7e80000)
  from space 13312K, 0% used [0x00000000f8b80000,0x00000000f8b80000,0x00000000f9880000)
  to   space 13312K, 0% used [0x00000000f7e80000,0x00000000f7e80000,0x00000000f8b80000)
 ParOldGen       total 142336K, used 15971K [0x00000000c0000000, 0x00000000c8b00000, 0x00000000eab00000)
  object space 142336K, 11% used [0x00000000c0000000,0x00000000c0f98fa8,0x00000000c8b00000)
 Metaspace       used 43262K, capacity 45532K, committed 45696K, reserved 1087488K
  class space    used 6208K, capacity 6672K, committed 6784K, reserved 1048576K
Event: 9.718 GC heap after
Heap after GC invocations=9 (full 2):
 PSYoungGen      total 229888K, used 13298K [0x00000000eab00000, 0x00000000ff180000, 0x0000000100000000)
  eden space 216576K, 0% used [0x00000000eab00000,0x00000000eab00000,0x00000000f7e80000)
  from space 13312K, 99% used [0x00000000f7e80000,0x00000000f8b7c8d8,0x00000000f8b80000)
  to   space 15360K, 0% used [0x00000000fe280000,0x00000000fe280000,0x00000000ff180000)
 ParOldGen       total 142336K, used 17426K [0x00000000c0000000, 0x00000000c8b00000, 0x00000000eab00000)
  object space 142336K, 12% used [0x00000000c0000000,0x00000000c1104848,0x00000000c8b00000)
 Metaspace       used 43262K, capacity 45532K, committed 45696K, reserved 1087488K
  class space    used 6208K, capacity 6672K, committed 6784K, reserved 1048576K
}
Event: 12.224 GC heap before
{Heap before GC invocations=10 (full 2):
 PSYoungGen      total 229888K, used 229874K [0x00000000eab00000, 0x00000000ff180000, 0x0000000100000000)
  eden space 216576K, 100% used [0x00000000eab00000,0x00000000f7e80000,0x00000000f7e80000)
  from space 13312K, 99% used [0x00000000f7e80000,0x00000000f8b7c8d8,0x00000000f8b80000)
  to   space 15360K, 0% used [0x00000000fe280000,0x00000000fe280000,0x00000000ff180000)
 ParOldGen       total 142336K, used 17426K [0x00000000c0000000, 0x00000000c8b00000, 0x00000000eab00000)
  object space 142336K, 12% used [0x00000000c0000000,0x00000000c1104848,0x00000000c8b00000)
 Metaspace       used 53773K, capacity 57152K, committed 57344K, reserved 1097728K
  class space    used 7762K, capacity 8405K, committed 8448K, reserved 1048576K
Event: 12.246 GC heap after
Heap after GC invocations=10 (full 2):
 PSYoungGen      total 313344K, used 15356K [0x00000000eab00000, 0x00000000ff500000, 0x0000000100000000)
  eden space 297984K, 0% used [0x00000000eab00000,0x00000000eab00000,0x00000000fce00000)
  from space 15360K, 99% used [0x00000000fe280000,0x00000000ff17f140,0x00000000ff180000)
  to   space 19968K, 0% used [0x00000000fce00000,0x00000000fce00000,0x00000000fe180000)
 ParOldGen       total 142336K, used 23395K [0x00000000c0000000, 0x00000000c8b00000, 0x00000000eab00000)
  object space 142336K, 16% used [0x00000000c0000000,0x00000000c16d8fc0,0x00000000c8b00000)
 Metaspace       used 53773K, capacity 57152K, committed 57344K, reserved 1097728K
  class space    used 7762K, capacity 8405K, committed 8448K, reserved 1048576K
}
Event: 12.640 GC heap before
{Heap before GC invocations=11 (full 2):
 PSYoungGen      total 313344K, used 39242K [0x00000000eab00000, 0x00000000ff500000, 0x0000000100000000)
  eden space 297984K, 8% used [0x00000000eab00000,0x00000000ec253708,0x00000000fce00000)
  from space 15360K, 99% used [0x00000000fe280000,0x00000000ff17f140,0x00000000ff180000)
  to   space 19968K, 0% used [0x00000000fce00000,0x00000000fce00000,0x00000000fe180000)
 ParOldGen       total 142336K, used 23395K [0x00000000c0000000, 0x00000000c8b00000, 0x00000000eab00000)
  object space 142336K, 16% used [0x00000000c0000000,0x00000000c16d8fc0,0x00000000c8b00000)
 Metaspace       used 55470K, capacity 59016K, committed 59096K, reserved 1099776K
  class space    used 7969K, capacity 8651K, committed 8704K, reserved 1048576K
Event: 12.653 GC heap after
Heap after GC invocations=11 (full 2):
 PSYoungGen      total 317952K, used 15755K [0x00000000eab00000, 0x0000000100000000, 0x0000000100000000)
  eden space 297984K, 0% used [0x00000000eab00000,0x00000000eab00000,0x00000000fce00000)
  from space 19968K, 78% used [0x00000000fce00000,0x00000000fdd62ed0,0x00000000fe180000)
  to   space 20480K, 0% used [0x00000000fec00000,0x00000000fec00000,0x0000000100000000)
 ParOldGen       total 142336K, used 23403K [0x00000000c0000000, 0x00000000c8b00000, 0x00000000eab00000)
  object space 142336K, 16% used [0x00000000c0000000,0x00000000c16dafc0,0x00000000c8b00000)
 Metaspace       used 55470K, capacity 59016K, committed 59096K, reserved 1099776K
  class space    used 7969K, capacity 8651K, committed 8704K, reserved 1048576K
}
Event: 12.653 GC heap before
{Heap before GC invocations=12 (full 3):
 PSYoungGen      total 317952K, used 15755K [0x00000000eab00000, 0x0000000100000000, 0x0000000100000000)
  eden space 297984K, 0% used [0x00000000eab00000,0x00000000eab00000,0x00000000fce00000)
  from space 19968K, 78% used [0x00000000fce00000,0x00000000fdd62ed0,0x00000000fe180000)
  to   space 20480K, 0% used [0x00000000fec00000,0x00000000fec00000,0x0000000100000000)
 ParOldGen       total 142336K, used 23403K [0x00000000c0000000, 0x00000000c8b00000, 0x00000000eab00000)
  object space 142336K, 16% used [0x00000000c0000000,0x00000000c16dafc0,0x00000000c8b00000)
 Metaspace       used 55470K, capacity 59016K, committed 59096K, reserved 1099776K
  class space    used 7969K, capacity 8651K, committed 8704K, reserved 1048576K
Event: 12.854 GC heap after
Heap after GC invocations=12 (full 3):
 PSYoungGen      total 317952K, used 0K [0x00000000eab00000, 0x0000000100000000, 0x0000000100000000)
  eden space 297984K, 0% used [0x00000000eab00000,0x00000000eab00000,0x00000000fce00000)
  from space 19968K, 0% used [0x00000000fce00000,0x00000000fce00000,0x00000000fe180000)
  to   space 20480K, 0% used [0x00000000fec00000,0x00000000fec00000,0x0000000100000000)
 ParOldGen       total 203776K, used 29040K [0x00000000c0000000, 0x00000000cc700000, 0x00000000eab00000)
  object space 203776K, 14% used [0x00000000c0000000,0x00000000c1c5c2b8,0x00000000cc700000)
 Metaspace       used 55408K, capacity 58812K, committed 59096K, reserved 1099776K
  class space    used 7950K, capacity 8617K, committed 8704K, reserved 1048576K
}

